TappyPlane/TappyPlane/app/build/intermediates/manifest_merge_blame_file/arm8Debug/manifest-merger-blame-arm8-debug-report.txt
1<?xml version="1.0" encoding="utf-8"?>
2<!-- Release 2.2.8 -->
3<manifest xmlns:android="http://schemas.android.com/apk/res/android"
4    package="com.TappyPlane"
5    android:versionCode="1"
6    android:versionName="1.0" >
7
8    <uses-sdk
9        android:minSdkVersion="21"
9-->src\main\AndroidManifest.xml
10        android:targetSdkVersion="29" />
10-->src\main\AndroidManifest.xml
11
12    <application
12-->src\main\AndroidManifest.xml:9:3-25:17
13        android:allowBackup="false"
13-->src\main\AndroidManifest.xml:10:7-34
14        android:debuggable="true"
15        android:label="@string/app_name" >
15-->src\main\AndroidManifest.xml:11:7-39
16        <activity
16-->src\main\AndroidManifest.xml:12:5-24:16
17            android:name="android.app.NativeActivity"
17-->src\main\AndroidManifest.xml:12:15-56
18            android:exported="true"
18-->src\main\AndroidManifest.xml:13:15-38
19            android:label="@string/app_name"
19-->src\main\AndroidManifest.xml:14:15-47
20            android:screenOrientation="landscape" >
20-->src\main\AndroidManifest.xml:15:12-49
21            <meta-data
21-->src\main\AndroidManifest.xml:17:2-18:50
22                android:name="android.app.lib_name"
22-->src\main\AndroidManifest.xml:17:13-48
23                android:value="TappyPlane" />
23-->src\main\AndroidManifest.xml:18:21-47
24
25            <intent-filter>
25-->src\main\AndroidManifest.xml:20:7-23:23
26                <action android:name="android.intent.action.MAIN" />
26-->src\main\AndroidManifest.xml:21:9-61
26-->src\main\AndroidManifest.xml:21:17-58
27
28                <category android:name="android.intent.category.LAUNCHER" />
28-->src\main\AndroidManifest.xml:22:9-69
28-->src\main\AndroidManifest.xml:22:19-66
29            </intent-filter>
30        </activity>
31    </application>
32
33</manifest>